#
# There is insufficient memory for the Java Runtime Environment to continue.
# Native memory allocation (mmap) failed to map 268435456 bytes for Failed to commit area from 0x0000000701e00000 to 0x0000000711e00000 of length 268435456.
# Possible reasons:
#   The system is out of physical RAM or swap space
#   The process is running with CompressedOops enabled, and the Java Heap may be blocking the growth of the native heap
# Possible solutions:
#   Reduce memory load on the system
#   Increase physical memory or swap space
#   Check if swap backing store is full
#   Decrease Java heap size (-Xmx/-Xms)
#   Decrease number of Java threads
#   Decrease Java thread stack sizes (-Xss)
#   Set larger code cache with -XX:ReservedCodeCacheSize=
# This output file may be truncated or incomplete.
#
#  Out of Memory Error (./src/hotspot/os/windows/os_windows.cpp:3303), pid=10076, tid=21748
#
# JRE version:  (11.0.8+10) (build )
# Java VM: OpenJDK 64-Bit Server VM (11.0.8+10-b944.6842174, mixed mode, sharing, tiered, compressed oops, g1 gc, windows-amd64)
# No core dump will be written. Minidumps are not enabled by default on client versions of Windows
#

---------------  S U M M A R Y ------------

Command Line: org.jetbrains.git4idea.http.GitAskPassApp Username for 'https://gitlab.com': 

Host: Intel(R) Core(TM) i7-9750H CPU @ 2.60GHz, 12 cores, 15G,  Windows 10 , 64 bit Build 19041 (10.0.19041.662)
Time: Tue May 18 10:45:53 2021 Iran Daylight Time elapsed time: 0 seconds (0d 0h 0m 0s)

---------------  T H R E A D  ---------------

Current thread (0x000001deec25a000):  JavaThread "Unknown thread" [_thread_in_vm, id=21748, stack(0x0000005119400000,0x0000005119500000)]

Stack: [0x0000005119400000,0x0000005119500000]
Native frames: (J=compiled Java code, j=interpreted, Vv=VM code, C=native code)
V  [jvm.dll+0x5de50a]
V  [jvm.dll+0x7122f5]
V  [jvm.dll+0x71384d]
V  [jvm.dll+0x713f03]
V  [jvm.dll+0x23e728]
V  [jvm.dll+0x5db9a4]
V  [jvm.dll+0x5d0ae5]
V  [jvm.dll+0x2fb20b]
V  [jvm.dll+0x2fb17a]
V  [jvm.dll+0x2fb052]
V  [jvm.dll+0x2fff16]
V  [jvm.dll+0x348743]
V  [jvm.dll+0x348e46]
V  [jvm.dll+0x348843]
V  [jvm.dll+0x2d5d68]
V  [jvm.dll+0x2d6f07]
V  [jvm.dll+0x6f11f7]
V  [jvm.dll+0x6f29ec]
V  [jvm.dll+0x355cb9]
V  [jvm.dll+0x6d4ade]
V  [jvm.dll+0x3bdfe3]
V  [jvm.dll+0x3c0201]
C  [jli.dll+0x5373]
C  [ucrtbase.dll+0x214c2]
C  [KERNEL32.DLL+0x17034]
C  [ntdll.dll+0x4d0d1]


---------------  P R O C E S S  ---------------

Threads class SMR info:
_java_thread_list=0x000001deea9512c0, length=0, elements={
}

Java Threads: ( => current thread )

Other Threads:
  0x000001deec271800 GCTaskThread "GC Thread#0" [stack: 0x0000005119500000,0x0000005119600000] [id=14284]
  0x000001deec2cf800 ConcurrentGCThread "G1 Main Marker" [stack: 0x0000005119600000,0x0000005119700000] [id=644]
  0x000001deec2d2800 ConcurrentGCThread "G1 Conc#0" [stack: 0x0000005119700000,0x0000005119800000] [id=16580]

[error occurred during error reporting (printing all threads), id 0xc0000005, EXCEPTION_ACCESS_VIOLATION (0xc0000005) at pc=0x00007ffb5ed26357]

VM state:not at safepoint (not fully initialized)

VM Mutex/Monitor currently owned by a thread:  ([mutex/lock_event])
[0x000001deec256da0] Heap_lock - owner thread: 0x000001deec25a000

Heap address: 0x0000000701e00000, size: 4066 MB, Compressed Oops mode: Non-zero based: 0x0000000701e00000
Narrow klass base: 0x0000000000000000, Narrow klass shift: 0

GC Heap History (0 events):
No events

Deoptimization events (0 events):
No events

Classes redefined (0 events):
No events

Internal exceptions (0 events):
No events

Events (1 events):
Event: 0.005 Loaded shared library C:\Program Files\Android\Android Studio\jre\bin\zip.dll


Dynamic libraries:
0x00007ff6977e0000 - 0x00007ff6977ea000 	C:\Program Files\Android\Android Studio\jre\bin\java.exe
0x00007ffbaabb0000 - 0x00007ffbaada6000 	C:\Windows\SYSTEM32\ntdll.dll
0x00007ffbaa480000 - 0x00007ffbaa53d000 	C:\Windows\System32\KERNEL32.DLL
0x00007ffba8760000 - 0x00007ffba8a29000 	C:\Windows\System32\KERNELBASE.dll
0x00007ffba8a30000 - 0x00007ffba8b30000 	C:\Windows\System32\ucrtbase.dll
0x00007ffb94c20000 - 0x00007ffb94c39000 	C:\Program Files\Android\Android Studio\jre\bin\jli.dll
0x00007ffb94c00000 - 0x00007ffb94c17000 	C:\Program Files\Android\Android Studio\jre\bin\VCRUNTIME140.dll
0x00007ffba92b0000 - 0x00007ffba9450000 	C:\Windows\System32\USER32.dll
0x00007ffba8520000 - 0x00007ffba8542000 	C:\Windows\System32\win32u.dll
0x00007ffb97a10000 - 0x00007ffb97cab000 	C:\Windows\WinSxS\amd64_microsoft.windows.common-controls_6595b64144ccf1df_6.0.19041.488_none_ca04af081b815d21\COMCTL32.dll
0x00007ffba8c10000 - 0x00007ffba8c3a000 	C:\Windows\System32\GDI32.dll
0x00007ffba9450000 - 0x00007ffba94ee000 	C:\Windows\System32\msvcrt.dll
0x00007ffba85f0000 - 0x00007ffba86f9000 	C:\Windows\System32\gdi32full.dll
0x00007ffba8550000 - 0x00007ffba85ed000 	C:\Windows\System32\msvcp_win.dll
0x00007ffbaa930000 - 0x00007ffbaa960000 	C:\Windows\System32\IMM32.DLL
0x00007ffb8bf60000 - 0x00007ffb8bffd000 	C:\Program Files\Android\Android Studio\jre\bin\msvcp140.dll
0x00007ffb5ea40000 - 0x00007ffb5f4fc000 	C:\Program Files\Android\Android Studio\jre\bin\server\jvm.dll
0x00007ffba9200000 - 0x00007ffba92ac000 	C:\Windows\System32\ADVAPI32.dll
0x00007ffba9590000 - 0x00007ffba962c000 	C:\Windows\System32\sechost.dll
0x00007ffba9630000 - 0x00007ffba975b000 	C:\Windows\System32\RPCRT4.dll
0x00007ffba9b90000 - 0x00007ffba9b98000 	C:\Windows\System32\PSAPI.DLL
0x00007ffb979e0000 - 0x00007ffb979e9000 	C:\Windows\SYSTEM32\WSOCK32.dll
0x00007ffb884b0000 - 0x00007ffb884d7000 	C:\Windows\SYSTEM32\WINMM.dll
0x00007ffba1080000 - 0x00007ffba108a000 	C:\Windows\SYSTEM32\VERSION.dll
0x00007ffba9760000 - 0x00007ffba97cb000 	C:\Windows\System32\WS2_32.dll
0x00007ffba6bd0000 - 0x00007ffba6be2000 	C:\Windows\SYSTEM32\kernel.appcore.dll
0x00007ffb885d0000 - 0x00007ffb885e1000 	C:\Program Files\Android\Android Studio\jre\bin\verify.dll
0x00007ffba5ff0000 - 0x00007ffba61d4000 	C:\Windows\SYSTEM32\DBGHELP.DLL
0x00007ffb9c680000 - 0x00007ffb9c6ac000 	C:\Windows\SYSTEM32\dbgcore.DLL
0x00007ffba82f0000 - 0x00007ffba8370000 	C:\Windows\System32\bcryptPrimitives.dll
0x00007ffb882b0000 - 0x00007ffb882d9000 	C:\Program Files\Android\Android Studio\jre\bin\java.dll
0x00007ffb96020000 - 0x00007ffb9602b000 	C:\Program Files\Android\Android Studio\jre\bin\jimage.dll
0x00007ffb87b30000 - 0x00007ffb87b48000 	C:\Program Files\Android\Android Studio\jre\bin\zip.dll

dbghelp: loaded successfully - version: 4.0.5 - missing functions: none
symbol engine: initialized successfully - sym options: 0x614 - pdb path: .;C:\Program Files\Android\Android Studio\jre\bin;C:\Windows\SYSTEM32;C:\Windows\WinSxS\amd64_microsoft.windows.common-controls_6595b64144ccf1df_6.0.19041.488_none_ca04af081b815d21;C:\Program Files\Android\Android Studio\jre\bin\server

VM Arguments:
java_command: org.jetbrains.git4idea.http.GitAskPassApp Username for 'https://gitlab.com': 
java_class_path (initial): C:/Program Files/Android/Android Studio/plugins/git4idea/lib/git4idea-rt.jar;C:/Program Files/Android/Android Studio/lib/xmlrpc-2.0.1.jar;C:/Program Files/Android/Android Studio/lib/commons-codec-1.14.jar
Launcher Type: SUN_STANDARD

[Global flags]
     intx CICompilerCount                          = 4                                         {product} {ergonomic}
     uint ConcGCThreads                            = 3                                         {product} {ergonomic}
     uint G1ConcRefinementThreads                  = 10                                        {product} {ergonomic}
   size_t G1HeapRegionSize                         = 1048576                                   {product} {ergonomic}
    uintx GCDrainStackTargetSize                   = 64                                        {product} {ergonomic}
   size_t InitialHeapSize                          = 268435456                                 {product} {ergonomic}
   size_t MarkStackSize                            = 4194304                                   {product} {ergonomic}
   size_t MaxHeapSize                              = 4263510016                                {product} {ergonomic}
   size_t MinHeapDeltaBytes                        = 1048576                                   {product} {ergonomic}
    uintx NonNMethodCodeHeapSize                   = 5836300                                {pd product} {ergonomic}
    uintx NonProfiledCodeHeapSize                  = 122910970                              {pd product} {ergonomic}
    uintx ProfiledCodeHeapSize                     = 122910970                              {pd product} {ergonomic}
    uintx ReservedCodeCacheSize                    = 251658240                              {pd product} {ergonomic}
     bool SegmentedCodeCache                       = true                                      {product} {ergonomic}
     bool UseCompressedClassPointers               = true                                 {lp64_product} {ergonomic}
     bool UseCompressedOops                        = true                                 {lp64_product} {ergonomic}
     bool UseG1GC                                  = true                                      {product} {ergonomic}
     bool UseLargePagesIndividualAllocation        = false                                  {pd product} {ergonomic}

Logging:
Log output configuration:
 #0: stdout all=warning uptime,level,tags
 #1: stderr all=off uptime,level,tags

Environment Variables:
JAVA_HOME=C:\Program Files\Java\jdk1.8.0_144
PATH=C:\Program Files\Git\mingw64\libexec\git-core;C:\Program Files\Git\mingw64\libexec\git-core;C:\Program Files\Git\mingw64\bin;C:\Program Files\Git\usr\bin;C:\Users\lenovo\bin;C:\Program Files (x86)\Common Files\Oracle\Java\javapath;C:\ProgramData\Oracle\Java\javapath;C:\Windows\system32;C:\Windows;C:\Windows\System32\Wbem;C:\Windows\System32\WindowsPowerShell\v1.0;C:\Windows\System32\OpenSSH;C:\Program Files\Java\jdk1.8.0_144\bin;C:\Program Files\Git\cmd;C:\Program Files (x86)\NVIDIA Corporation\PhysX\Common;C:\Users\lenovo\AppData\Local\Microsoft\WindowsApps;C:\Users\lenovo\AppData\Local\Programs\Microsoft VS Code\bin
USERNAME=lenovo
DISPLAY=:0.0
LC_ALL=en_US.UTF-8
OS=Windows_NT
PROCESSOR_IDENTIFIER=Intel64 Family 6 Model 158 Stepping 10, GenuineIntel



---------------  S Y S T E M  ---------------

OS: Windows 10 , 64 bit Build 19041 (10.0.19041.662)
OS uptime: 40 days 14:52 hours

CPU:total 12 (initial active 12) (6 cores per cpu, 2 threads per core) family 6 model 158 stepping 10, cmov, cx8, fxsr, mmx, sse, sse2, sse3, ssse3, sse4.1, sse4.2, popcnt, avx, avx2, aes, clmul, erms, 3dnowpref, lzcnt, ht, tsc, tscinvbit, bmi1, bmi2, adx, fma

Memory: 4k page, system-wide physical 16263M (4066M free)
TotalPageFile size 46712M (AvailPageFile size 55M)
current process WorkingSet (physical memory assigned to process): 10M, peak: 10M
current process commit charge ("private bytes"): 64M, peak: 320M

vm_info: OpenJDK 64-Bit Server VM (11.0.8+10-b944.6842174) for windows-amd64 JRE (11.0.8+10-b944.6842174), built on Sep 19 2020 01:11:42 by "builder" with MS VC++ 14.0 (VS2015)

END.
